ServiceUnavailableException [statusCode=503, logLevel=SEVERE, reasons=[The database user for the connection pool named |default|lo|, is not able to proxy to the schema named SV_SERT_LAUNCHER.  This could be a configured restriction on the maximum number of database sessions or an authorization failure.]]
	at oracle.dbtools.http.errors.ServletResponseExceptionMapper.mapError(ServletResponseExceptionMapper.java:55)
	at oracle.dbtools.http.errors.ResponseRenderer.<init>(ResponseRenderer.java:78)
	at oracle.dbtools.http.errors.ResponseRenderer$Builder.build(ResponseRenderer.java:256)
	at oracle.dbtools.http.errors.ErrorPageFilter.doFilter(ErrorPageFilter.java:117)
	at oracle.dbtools.http.filters.HttpFilter.doFilter(HttpFilter.java:47)
	at oracle.dbtools.http.filters.FilterChainImpl.doFilter(FilterChainImpl.java:64)
	at oracle.dbtools.http.secure.ForceHttpsFilter.doFilter(ForceHttpsFilter.java:74)
	at oracle.dbtools.http.filters.HttpFilter.doFilter(HttpFilter.java:47)
	at oracle.dbtools.http.filters.FilterChainImpl.doFilter(FilterChainImpl.java:64)
	at oracle.dbtools.http.auth.ForceAuthFilter.doFilter(ForceAuthFilter.java:44)
	at oracle.dbtools.http.filters.HttpFilter.doFilter(HttpFilter.java:47)
	at oracle.dbtools.http.filters.FilterChainImpl.doFilter(FilterChainImpl.java:64)
	at oracle.dbtools.http.filters.Filters.filter(Filters.java:67)
	at oracle.dbtools.http.entrypoint.EntryPoint.service(EntryPoint.java:70)
	at oracle.dbtools.http.entrypoint.EntryPointServlet.service(EntryPointServlet.java:130)
	at oracle.dbtools.entrypoint.WebApplicationRequestEntryPoint.service(WebApplicationRequestEntryPoint.java:50)
	at javax.servlet.http.HttpServlet.service(HttpServlet.java:590)
	at org.eclipse.jetty.servlet.ServletHolder.handle(ServletHolder.java:764)
	at org.eclipse.jetty.servlet.ServletHandler.doHandle(ServletHandler.java:529)
	at org.eclipse.jetty.server.handler.ScopedHandler.nextHandle(ScopedHandler.java:221)
	at org.eclipse.jetty.server.session.SessionHandler.doHandle(SessionHandler.java:1570)
	at org.eclipse.jetty.server.handler.ScopedHandler.nextHandle(ScopedHandler.java:221)
	at org.eclipse.jetty.server.handler.ContextHandler.doHandle(ContextHandler.java:1384)
	at org.eclipse.jetty.server.handler.ScopedHandler.nextScope(ScopedHandler.java:176)
	at org.eclipse.jetty.servlet.ServletHandler.doScope(ServletHandler.java:484)
	at org.eclipse.jetty.server.session.SessionHandler.doScope(SessionHandler.java:1543)
	at org.eclipse.jetty.server.handler.ScopedHandler.nextScope(ScopedHandler.java:174)
	at org.eclipse.jetty.server.handler.ContextHandler.doScope(ContextHandler.java:1306)
	at org.eclipse.jetty.server.handler.ScopedHandler.handle(ScopedHandler.java:129)
	at org.eclipse.jetty.server.handler.ContextHandlerCollection.handle(ContextHandlerCollection.java:192)
	at org.eclipse.jetty.server.handler.HandlerCollection.handle(HandlerCollection.java:141)
	at org.eclipse.jetty.server.handler.StatisticsHandler.handle(StatisticsHandler.java:173)
	at org.eclipse.jetty.server.handler.HandlerWrapper.handle(HandlerWrapper.java:122)
	at org.eclipse.jetty.server.Server.handle(Server.java:563)
	at org.eclipse.jetty.server.HttpChannel$RequestDispatchable.dispatch(HttpChannel.java:1598)
	at org.eclipse.jetty.server.HttpChannel.dispatch(HttpChannel.java:753)
	at org.eclipse.jetty.server.HttpChannel.handle(HttpChannel.java:501)
	at org.eclipse.jetty.server.HttpConnection.onFillable(HttpConnection.java:287)
	at org.eclipse.jetty.io.AbstractConnection$ReadCallback.succeeded(AbstractConnection.java:314)
	at org.eclipse.jetty.io.FillInterest.fillable(FillInterest.java:100)
	at org.eclipse.jetty.io.SelectableChannelEndPoint$1.run(SelectableChannelEndPoint.java:53)
	at org.eclipse.jetty.util.thread.strategy.AdaptiveExecutionStrategy.runTask(AdaptiveExecutionStrategy.java:421)
	at org.eclipse.jetty.util.thread.strategy.AdaptiveExecutionStrategy.consumeTask(AdaptiveExecutionStrategy.java:390)
	at org.eclipse.jetty.util.thread.strategy.AdaptiveExecutionStrategy.tryProduce(AdaptiveExecutionStrategy.java:277)
	at org.eclipse.jetty.util.thread.strategy.AdaptiveExecutionStrategy.run(AdaptiveExecutionStrategy.java:199)
	at org.eclipse.jetty.util.thread.ReservedThreadExecutor$ReservedThread.run(ReservedThreadExecutor.java:411)
	at org.eclipse.jetty.util.thread.QueuedThreadPool.runJob(QueuedThreadPool.java:969)
	at org.eclipse.jetty.util.thread.QueuedThreadPool$Runner.doRunJob(QueuedThreadPool.java:1194)
	at org.eclipse.jetty.util.thread.QueuedThreadPool$Runner.run(QueuedThreadPool.java:1149)
	at java.base/java.lang.Thread.run(Thread.java:834)
Caused by: oracle.dbtools.url.mapping.TargetNotAvailableException: The database user for the connection pool named |default|lo|, is not able to proxy to the schema named SV_SERT_LAUNCHER.  This could be a configured restriction on the maximum number of database sessions or an authorization failure.
	at oracle.dbtools.url.mapping.db.PoolInjector.inject(PoolInjector.java:72)
	at oracle.dbtools.url.mapping.db.DatabaseURLMappingBase.addServices(DatabaseURLMappingBase.java:401)
	at oracle.dbtools.jdbc.pools.JDBCPoolURLMapping.addServices(JDBCPoolURLMapping.java:102)
	at oracle.dbtools.url.mapping.URLMappingBase.doFilter(URLMappingBase.java:75)
	at oracle.dbtools.url.mapping.db.DatabaseTenantMapping.dispatchSelf(DatabaseTenantMapping.java:216)
	at oracle.dbtools.url.mapping.db.DatabaseTenantMappingBase.doFilter(DatabaseTenantMappingBase.java:51)
	at oracle.dbtools.url.mapping.tenant.TenantMappingDispatcher.dispatch(TenantMappingDispatcher.java:75)
	at oracle.dbtools.url.mapping.db.DatabaseTenantMappingBase.dispatchChild(DatabaseTenantMappingBase.java:152)
	at oracle.dbtools.url.mapping.db.DatabaseTenantMappingBase.doFilter(DatabaseTenantMappingBase.java:49)
	at oracle.dbtools.url.mapping.tenant.TenantMappingDispatcher.dispatch(TenantMappingDispatcher.java:59)
	at oracle.dbtools.jdbc.pools.local.DefaultLocalTenantMapping.dispatchSelf(DefaultLocalTenantMapping.java:148)
	at oracle.dbtools.url.mapping.db.DatabaseTenantMappingBase.doFilter(DatabaseTenantMappingBase.java:51)
	at oracle.dbtools.jdbc.pools.local.DefaultLocalTenantMapping.doFilter(DefaultLocalTenantMapping.java:104)
	at oracle.dbtools.url.mapping.tenant.TenantMappingDispatcher.dispatch(TenantMappingDispatcher.java:59)
	at oracle.dbtools.url.mapping.tenant.TenantMappingFilter.doFilter(TenantMappingFilter.java:84)
	at oracle.dbtools.http.filters.HttpFilter.doFilter(HttpFilter.java:47)
	at oracle.dbtools.http.filters.FilterChainImpl.doFilter(FilterChainImpl.java:64)
	at oracle.dbtools.http.forwarding.ForwardingFailedFilter.doFilter(ForwardingFailedFilter.java:41)
	at oracle.dbtools.http.filters.HttpFilter.doFilter(HttpFilter.java:47)
	at oracle.dbtools.http.filters.FilterChainImpl.doFilter(FilterChainImpl.java:64)
	at oracle.dbtools.http.auth.external.ExternalSessionFilter.doFilter(ExternalSessionFilter.java:59)
	at oracle.dbtools.http.filters.HttpFilter.doFilter(HttpFilter.java:47)
	at oracle.dbtools.http.filters.FilterChainImpl.doFilter(FilterChainImpl.java:64)
	at oracle.dbtools.apex.support.auth.ApexSessionQueryRewriteFilter.doFilter(ApexSessionQueryRewriteFilter.java:58)
	at oracle.dbtools.http.filters.HttpFilter.doFilter(HttpFilter.java:47)
	at oracle.dbtools.http.filters.FilterChainImpl.doFilter(FilterChainImpl.java:64)
	at oracle.dbtools.http.cors.CORSResponseFilter.doFilter(CORSResponseFilter.java:90)
	at oracle.dbtools.http.filters.HttpResponseFilter.doFilter(HttpResponseFilter.java:45)
	at oracle.dbtools.http.filters.FilterChainImpl.doFilter(FilterChainImpl.java:64)
	at oracle.dbtools.http.filters.AbsoluteLocationFilter.doFilter(AbsoluteLocationFilter.java:65)
	at oracle.dbtools.http.filters.HttpResponseFilter.doFilter(HttpResponseFilter.java:45)
	at oracle.dbtools.http.filters.FilterChainImpl.doFilter(FilterChainImpl.java:64)
	at oracle.dbtools.http.auth.external.ExternalAccessValidationFilter.doFilter(ExternalAccessValidationFilter.java:59)
	at oracle.dbtools.http.filters.HttpFilter.doFilter(HttpFilter.java:47)
	at oracle.dbtools.http.filters.FilterChainImpl.doFilter(FilterChainImpl.java:64)
	at oracle.dbtools.http.errors.ErrorPageFilter.doFilter(ErrorPageFilter.java:87)
	... 46 more
Caused by: oracle.dbtools.common.jdbc.ConnectionPoolConfigurationException: The database user for the connection pool named |default|lo|, is not able to proxy to the schema named SV_SERT_LAUNCHER.  This could be a configured restriction on the maximum number of database sessions or an authorization failure.
	at oracle.dbtools.common.jdbc.ConnectionPoolExceptions.from(ConnectionPoolExceptions.java:59)
	at oracle.dbtools.common.jdbc.ConnectionPoolExceptions.from(ConnectionPoolExceptions.java:65)
	at oracle.dbtools.common.jdbc.DataSourceConnection.getPooledConnection(DataSourceConnection.java:231)
	at oracle.dbtools.common.jdbc.DataSourceConnection.getPooledConnection(DataSourceConnection.java:189)
	at oracle.dbtools.common.jdbc.DataSourceConnection.getDefaultConnection(DataSourceConnection.java:144)
	at oracle.dbtools.common.jdbc.DataSourceConnection.getConnection(DataSourceConnection.java:58)
	at oracle.dbtools.jdbc.pools.JDBCSchemaTarget.getConnection(JDBCSchemaTarget.java:83)
	at oracle.dbtools.common.config.db.SchemaConnectionFactoryBase.inject(SchemaConnectionFactoryBase.java:70)
	at oracle.dbtools.url.mapping.db.PoolInjector.inject(PoolInjector.java:62)
	... 81 more
Caused by: oracle.dbtools.common.ucp.ConnectionLabelingException: Error occurred when attempting to configure url: jdbc:oracle:thin:@//database:1521/ORCLPDB1 with labels: {oracle.dbtools.jdbc.label.cleanup=RECYCLE, oracle.dbtools.jdbc.label.schema=SV_SERT_LAUNCHER}
	at oracle.dbtools.common.ucp.LabelingCallback.handle(LabelingCallback.java:192)
	at oracle.dbtools.common.ucp.LabelingCallback.proxyToSchema(LabelingCallback.java:355)
	at oracle.dbtools.common.ucp.LabelingCallback.configure(LabelingCallback.java:78)
	at oracle.ucp.common.UniversalConnectionPoolImpl.borrowConnectionAndValidateHelper(UniversalConnectionPoolImpl.java:258)
	at oracle.ucp.common.UniversalConnectionPoolImpl.borrowConnectionAndValidate(UniversalConnectionPoolImpl.java:166)
	at oracle.ucp.common.UniversalConnectionPoolImpl.borrowConnection(UniversalConnectionPoolImpl.java:139)
	at oracle.ucp.jdbc.JDBCConnectionPool.borrowConnection(JDBCConnectionPool.java:185)
	at oracle.ucp.jdbc.oracle.OracleJDBCConnectionPool.borrowConnection(OracleJDBCConnectionPool.java:611)
	at oracle.ucp.jdbc.oracle.OracleConnectionConnectionPool.borrowConnection(OracleConnectionConnectionPool.java:119)
	at oracle.ucp.jdbc.PoolDataSourceImpl.getConnection(PoolDataSourceImpl.java:1882)
	at oracle.ucp.jdbc.PoolDataSourceImpl$3.build(PoolDataSourceImpl.java:4055)
	at oracle.ucp.jdbc.PoolDataSourceImpl.getConnection(PoolDataSourceImpl.java:1825)
	at oracle.dbtools.common.ucp.PoolDataSourceDelegate.getConnection(PoolDataSourceDelegate.java:114)
	at oracle.dbtools.common.config.db.RefreshablePoolDataSource.getConnection(RefreshablePoolDataSource.java:109)
	at oracle.dbtools.common.ucp.PoolDataSourceDelegate.getConnection(PoolDataSourceDelegate.java:114)
	at oracle.dbtools.common.ucp.PoolDataSourceDelegate.getConnection(PoolDataSourceDelegate.java:114)
	at oracle.dbtools.common.ucp.PoolDataSourceDelegate.getConnection(PoolDataSourceDelegate.java:99)
	at oracle.dbtools.common.jdbc.DataSourceConnection.getPooledConnection(DataSourceConnection.java:213)
	... 87 more
Caused by: java.sql.SQLException: ORA-01017: invalid username/password; logon denied

	at oracle.jdbc.driver.T4CTTIoer11.processError(T4CTTIoer11.java:630)
	at oracle.jdbc.driver.T4CTTIoer11.processError(T4CTTIoer11.java:559)
	at oracle.jdbc.driver.T4CTTIoer11.processError(T4CTTIoer11.java:554)
	at oracle.jdbc.driver.T4CTTIfun.processError(T4CTTIfun.java:1377)
	at oracle.jdbc.driver.T4CTTIoauthenticate.processError(T4CTTIoauthenticate.java:787)
	at oracle.jdbc.driver.T4CTTIfun.receive(T4CTTIfun.java:772)
	at oracle.jdbc.driver.T4CTTIfun.doRPC(T4CTTIfun.java:299)
	at oracle.jdbc.driver.T4CTTIoauthenticate.doOAUTH(T4CTTIoauthenticate.java:455)
	at oracle.jdbc.driver.T4CTTIoauthenticate.doOAUTH(T4CTTIoauthenticate.java:2106)
	at oracle.jdbc.driver.T4CConnection.doProxySession(T4CConnection.java:3759)
	at oracle.jdbc.driver.PhysicalConnection.openProxySession(PhysicalConnection.java:3319)
	at oracle.ucp.jdbc.proxy.oracle$1ucp$1jdbc$1proxy$1oracle$1ConnectionProxy$2oracle$1jdbc$1internal$1OracleConnection$$$Proxy.openProxySession(Unknown Source)
	at oracle.dbtools.common.ucp.LabelingCallback$ProxySchemaTask.call(LabelingCallback.java:434)
	at oracle.dbtools.common.ucp.LabelingCallback$ProxySchemaTask.call(LabelingCallback.java:422)
	at oracle.dbtools.common.concurrent.RetryStrategy.execute(RetryStrategy.java:46)
	at oracle.dbtools.common.ucp.LabelingCallback.proxyToSchema(LabelingCallback.java:342)
	... 103 more
